<?xml version="1.0" encoding="UTF-8"?>
<!-- Generated by org.testng.reporters.JUnitReportReporter -->
<testsuite hostname="LAPTOP-75EPH6UV" failures="0" tests="1" name="Automation.testScript.AlertActiGenricTest" time="44.227" errors="0" timestamp="2023-01-07T19:39:15 IST" skipped="0">
  <testcase classname="Automation.testScript.AlertActiGenricTest" name="handleAlert" time="44.227"/>
  <system-out/>
</testsuite> <!-- Automation.testScript.AlertActiGenricTest -->
